replaceValues...

replaceValues...
    variable: target
    variable: sourcePath

replaceValues...
    variable: sourceFullPath

replaceValues...

replaceValues...

replaceValues...
    variable: sourceBase
    variable: objectsFullPath
    variable: objectExtension

replaceValues...

replaceValues...
    variable: compiler

replaceValues...
    variable: target
    variable: objectsPath
    variable: configuration
    variable: buildPath

replaceValues...
    variable: target
    variable: target
    variable: configuration
    variable: buildPath

replaceValues...

replaceValues...

replaceValues...

replaceValues...

replaceValues...

replaceValues...
    variable: sourceFullPath
    variable: sourceExtension
    variable: sourceBase

replaceValues...

replaceValues...
    variable: sourceBase
    variable: objectsFullPath
    variable: dependencyExtension

replaceValues...

replaceValues...
    variable: compiler

replaceValues...

replaceValues...

replaceValues...

replaceValues...

replaceValues...
    variable: target
    variable: sourcePath

replaceValues...
    variable: sourceFullPath

replaceValues...

replaceValues...

replaceValues...
    variable: sourceBase
    variable: objectsFullPath
    variable: objectExtension

replaceValues...

replaceValues...
    variable: target
    variable: objectsPath
    variable: configuration
    variable: buildPath

replaceValues...
    variable: compiler

replaceValues...

replaceValues...

replaceValues...
    variable: target
    variable: target
    variable: configuration
    variable: buildPath

replaceValues...

replaceValues...

replaceValues...

replaceValues...
    variable: sourceFullPath
    variable: sourceExtension
    variable: sourceBase

replaceValues...
    variable: sourceBase
    variable: objectsFullPath
    variable: dependencyExtension

replaceValues...

replaceValues...

replaceValues...
    variable: compiler

replaceValues...

replaceValues...

replaceValues...

replaceValues...
    variable: target
    variable: sourcePath

replaceValues...
    variable: sourceFullPath

replaceValues...

replaceValues...

replaceValues...
    variable: sourceBase
    variable: objectsFullPath
    variable: objectExtension

replaceValues...

replaceValues...
    variable: target
    variable: objectsPath
    variable: configuration
    variable: buildPath

replaceValues...
    variable: compiler

replaceValues...

replaceValues...

replaceValues...
    variable: target
    variable: target
    variable: configuration
    variable: buildPath

replaceValues...

replaceValues...

replaceValues...

replaceValues...
    variable: sourceFullPath
    variable: sourceExtension
    variable: sourceBase

replaceValues...
    variable: sourceBase
    variable: objectsFullPath
    variable: dependencyExtension

replaceValues...

replaceValues...

replaceValues...
    variable: compiler

replaceValues...

replaceValues...

replaceValues...

replaceValues...
    variable: target
    variable: sourcePath

replaceValues...
    variable: sourceFullPath

replaceValues...

replaceValues...

replaceValues...
    variable: sourceBase
    variable: objectsFullPath
    variable: objectExtension

replaceValues...

replaceValues...
    variable: target
    variable: objectsPath
    variable: configuration
    variable: buildPath

replaceValues...
    variable: compiler

replaceValues...

replaceValues...

replaceValues...
    variable: target
    variable: target
    variable: configuration
    variable: buildPath

replaceValues...

replaceValues...

replaceValues...

replaceValues...
    variable: sourceFullPath
    variable: sourceExtension
    variable: sourceBase

replaceValues...
    variable: sourceBase
    variable: objectsFullPath
    variable: dependencyExtension

replaceValues...

replaceValues...

replaceValues...
    variable: compiler

replaceValues...

replaceValues...

replaceValues...

replaceValues...

BUILD common/debug
replaceValues...

replaceValues...

replaceValues...

replaceValues...
    variable: sourceFile
    variable: objectFile
    variable: includes
    variable: compilerOptions

replaceValues...
    variable: sourceFile
    variable: includes
    variable: dependencyFile
    variable: compilerOptions

replaceValues...
    variable: target
    variable: target
    variable: configuration
    variable: buildPath

replaceValues...
    variable: outputFile
    variable: objectsFullPath
    variable: objectExtension
    variable: linkerOptions

replaceValues...

replaceValues...
    variable: target
    variable: sourcePath

replaceValues...
    variable: sourceFullPath

replaceValues...

replaceValues...

replaceValues...
    variable: sourceBase
    variable: objectsFullPath
    variable: objectExtension

replaceValues...

replaceValues...
    variable: target
    variable: objectsPath
    variable: configuration
    variable: buildPath

replaceValues...
    variable: compiler

replaceValues...

replaceValues...

replaceValues...
    variable: target
    variable: target
    variable: configuration
    variable: buildPath

replaceValues...

replaceValues...

replaceValues...

replaceValues...

replaceValues...
    variable: sourceFullPath
    variable: sourceExtension
    variable: sourceBase

replaceValues...
    variable: sourceBase
    variable: objectsFullPath
    variable: dependencyExtension

replaceValues...

replaceValues...

replaceValues...
    variable: compiler

replaceValues...

replaceValues...

replaceValues...

replaceValues...

replaceValues...
    variable: sourceFile
    variable: objectFile
    variable: includes
    variable: compilerOptions

replaceValues...
    variable: sourceFullPath
    variable: sourceExtension
    variable: sourceBase
    variable: sourceBase
    variable: objectsFullPath
    variable: objectExtension
    variable: includes

replaceValues...
    variable: target
    variable: target
    variable: sourcePath
    variable: sourceBase
    variable: sourceBase
    variable: objectsPath
    variable: includes
    variable: configuration
    variable: buildPath

replaceValues...
    variable: sourceBase
    variable: sourceBase
    variable: includes

replaceValues...
    variable: sourceFile
    variable: includes
    variable: dependencyFile
    variable: compilerOptions

replaceValues...
    variable: sourceFullPath
    variable: sourceExtension
    variable: sourceBase
    variable: sourceBase
    variable: objectsFullPath
    variable: includes
    variable: dependencyExtension

replaceValues...
    variable: target
    variable: target
    variable: sourcePath
    variable: sourceBase
    variable: sourceBase
    variable: objectsPath
    variable: includes
    variable: configuration
    variable: buildPath

replaceValues...
    variable: sourceBase
    variable: sourceBase
    variable: includes

replaceValues...
    variable: target
    variable: target
    variable: configuration
    variable: buildPath

replaceValues...

replaceValues...
    variable: outputFile
    variable: objectsFullPath
    variable: objectExtension
    variable: linkerOptions

replaceValues...
    variable: target
    variable: outputFile
    variable: objectsPath
    variable: configuration
    variable: buildPath

replaceValues...
    variable: outputFile

replaceValues...

replaceValues...
    variable: target
    variable: sourcePath

replaceValues...

replaceValues...
    variable: sourceFullPath

replaceValues...

replaceValues...

replaceValues...

replaceValues...

replaceValues...
    variable: outputFile

replaceValues...

replaceValues...
    variable: sourceBase
    variable: objectsFullPath
    variable: objectExtension

replaceValues...
    variable: target
    variable: sourceBase
    variable: objectsPath
    variable: configuration
    variable: buildPath

replaceValues...
    variable: sourceBase

replaceValues...

replaceValues...
    variable: target
    variable: objectsPath
    variable: configuration
    variable: buildPath

replaceValues...

replaceValues...
    variable: compiler

replaceValues...

replaceValues...

replaceValues...
    variable: target
    variable: target
    variable: configuration
    variable: buildPath

replaceValues...

replaceValues...

replaceValues...

replaceValues...

replaceValues...
    variable: sourceBase
    variable: sourceBase
    variable: includes

replaceValues...
    variable: sourceBase
    variable: sourceBase
    variable: includes

replaceValues...

replaceValues...

replaceValues...
    variable: sourceFullPath
    variable: sourceExtension
    variable: sourceBase

replaceValues...
    variable: sourceBase

replaceValues...
    variable: sourceBase
    variable: objectsFullPath
    variable: dependencyExtension

replaceValues...
    variable: sourceBase

replaceValues...

replaceValues...

replaceValues...
    variable: compiler

replaceValues...

replaceValues...

buildPath: (target)
compiler: (/usr/bin/g++)
compilerOptions: (-std=c++11 -Wall -g -D_DEBUG_ -fPIC -c source/common/$sourceBase.cpp $includes -o target/common/debug/objects/$sourceBase.o)
configuration: (debug)
dependencies: (ARRAY(0x1c3d720))
dependencyExtension: (.d)
dependencyFile: (target/common/debug/objects/$sourceBase.d)
depender: (/usr/bin/g++)
dependerOptions: (-std=c++11 -Wall -g -D_DEBUG_ -MM source/common/$sourceBase.cpp $includes > target/common/debug/objects/$sourceBase.d)
linkTo: (-Ltarget/common/debug -lcommon)
linker: (/usr/bin/g++)
linkerOptions: ( -shared -o target/common/debug/libcommon.so target/common/debug/objects/*.o)
objectExtension: (.o)
objectFile: (target/common/debug/objects/$sourceBase.o)
objectsFullPath: (target/common/debug/objects)
objectsPath: (objects)
outputFile: (target/common/debug/libcommon.so)
sourceExtension: (.cpp)
sourceFile: (source/common/$sourceBase.cpp)
sourceFullPath: (source/common)
sourcePath: (source)
target: (common)
toInclude: (-Isource/common)
touched: (1)
type: (sharedLibrary)
verbose: (1)

replaceValues...

replaceValues...

replaceValues...

replaceValues...

replaceValues...

replaceValues...

replaceValues...

replaceValues...

replaceValues...
    variable: sourceBase

replaceValues...

replaceValues...

replaceValues...

replaceValues...

replaceValues...

replaceValues...

replaceValues...

replaceValues...

replaceValues...

replaceValues...
    variable: sourceBase
    variable: sourceBase
    variable: includes

replaceValues...
    variable: sourceBase
    variable: sourceBase
    variable: includes

replaceValues...

replaceValues...

replaceValues...
    variable: sourceBase

replaceValues...
    variable: sourceBase

replaceValues...

replaceValues...

replaceValues...

replaceValues...

replaceValues...

replaceValues...

replaceValues...

replaceValues...

replaceValues...

replaceValues...

replaceValues...

replaceValues...

replaceValues...

replaceValues...

replaceValues...
    variable: sourceBase

replaceValues...

replaceValues...

replaceValues...

replaceValues...

replaceValues...

replaceValues...

replaceValues...

replaceValues...

replaceValues...

replaceValues...

replaceValues...
    variable: sourceBase
    variable: sourceBase
    variable: includes

replaceValues...

replaceValues...

replaceValues...
    variable: sourceBase
    variable: sourceBase
    variable: includes

replaceValues...

replaceValues...

replaceValues...
    variable: sourceBase

replaceValues...

replaceValues...

replaceValues...
    variable: sourceBase

replaceValues...

replaceValues...

replaceValues...

replaceValues...

replaceValues...

replaceValues...

replaceValues...

replaceValues...

replaceValues...

replaceValues...

replaceValues...

replaceValues...

replaceValues...
    variable: sourceBase

replaceValues...

replaceValues...

replaceValues...

replaceValues...

replaceValues...

replaceValues...

replaceValues...

replaceValues...

replaceValues...

replaceValues...
    variable: sourceBase
    variable: sourceBase
    variable: includes

replaceValues...
    variable: sourceBase
    variable: sourceBase
    variable: includes

replaceValues...

replaceValues...

replaceValues...
    variable: sourceBase

replaceValues...
    variable: sourceBase

replaceValues...

replaceValues...

replaceValues...

replaceValues...

replaceValues...

replaceValues...

replaceValues...

replaceValues...

replaceValues...

replaceValues...

replaceValues...

replaceValues...

replaceValues...

replaceValues...

replaceValues...
    variable: sourceBase

replaceValues...

replaceValues...

replaceValues...

replaceValues...

replaceValues...

replaceValues...

replaceValues...

replaceValues...

replaceValues...

replaceValues...

replaceValues...
    variable: sourceBase
    variable: sourceBase
    variable: includes

replaceValues...

replaceValues...

replaceValues...
    variable: sourceBase
    variable: sourceBase
    variable: includes

replaceValues...

replaceValues...

replaceValues...
    variable: sourceBase

replaceValues...

replaceValues...

replaceValues...
    variable: sourceBase

replaceValues...

replaceValues...

replaceValues...

replaceValues...

LINK Needed
replaceValues...

replaceValues...

BUILD test/debug
replaceValues...

replaceValues...

replaceValues...

replaceValues...
    variable: sourceFile
    variable: objectFile
    variable: includes
    variable: compilerOptions

replaceValues...
    variable: sourceFile
    variable: includes
    variable: dependencyFile
    variable: compilerOptions

replaceValues...
    variable: target
    variable: target
    variable: configuration
    variable: buildPath

replaceValues...
    variable: outputFile
    variable: objectsFullPath
    variable: objectExtension
    variable: linkerOptions
    variable: libraries

replaceValues...

replaceValues...
    variable: target
    variable: sourcePath

replaceValues...
    variable: sourceFullPath

replaceValues...

replaceValues...

replaceValues...
    variable: sourceBase
    variable: objectsFullPath
    variable: objectExtension

replaceValues...

replaceValues...
    variable: target
    variable: objectsPath
    variable: configuration
    variable: buildPath

replaceValues...
    variable: compiler

replaceValues...

replaceValues...

replaceValues...
    variable: target
    variable: target
    variable: configuration
    variable: buildPath

replaceValues...

replaceValues...

replaceValues...

replaceValues...

replaceValues...
    variable: sourceFullPath
    variable: sourceExtension
    variable: sourceBase

replaceValues...
    variable: sourceBase
    variable: objectsFullPath
    variable: dependencyExtension

replaceValues...

replaceValues...

replaceValues...
    variable: compiler

replaceValues...

replaceValues...

replaceValues...

replaceValues...

replaceValues...
    variable: sourceFile
    variable: objectFile
    variable: includes
    variable: compilerOptions

replaceValues...
    variable: sourceFullPath
    variable: sourceExtension
    variable: sourceBase
    variable: sourceBase
    variable: objectsFullPath
    variable: objectExtension
    variable: includes

replaceValues...
    variable: target
    variable: target
    variable: sourcePath
    variable: sourceBase
    variable: sourceBase
    variable: objectsPath
    variable: includes
    variable: configuration
    variable: buildPath

replaceValues...
    variable: sourceBase
    variable: sourceBase
    variable: includes

replaceValues...
    variable: sourceFile
    variable: includes
    variable: dependencyFile
    variable: compilerOptions

replaceValues...
    variable: sourceFullPath
    variable: sourceExtension
    variable: sourceBase
    variable: sourceBase
    variable: objectsFullPath
    variable: includes
    variable: dependencyExtension

replaceValues...
    variable: target
    variable: target
    variable: sourcePath
    variable: sourceBase
    variable: sourceBase
    variable: objectsPath
    variable: includes
    variable: configuration
    variable: buildPath

replaceValues...
    variable: sourceBase
    variable: sourceBase
    variable: includes

replaceValues...
    variable: target
    variable: target
    variable: configuration
    variable: buildPath

replaceValues...

replaceValues...
    variable: outputFile
    variable: objectsFullPath
    variable: objectExtension
    variable: linkerOptions
    variable: libraries

replaceValues...
    variable: target
    variable: outputFile
    variable: objectsPath
    variable: libraries
    variable: configuration
    variable: buildPath

replaceValues...
    variable: outputFile
    variable: libraries

replaceValues...

replaceValues...
    variable: target
    variable: sourcePath

replaceValues...

replaceValues...
    variable: sourceFullPath

replaceValues...

replaceValues...

replaceValues...

replaceValues...

replaceValues...
    variable: outputFile
    variable: libraries

replaceValues...
    variable: libraries

replaceValues...
    variable: sourceBase
    variable: objectsFullPath
    variable: objectExtension

replaceValues...
    variable: target
    variable: sourceBase
    variable: objectsPath
    variable: configuration
    variable: buildPath

replaceValues...
    variable: sourceBase

replaceValues...

replaceValues...
    variable: target
    variable: objectsPath
    variable: configuration
    variable: buildPath

replaceValues...

replaceValues...
    variable: compiler

replaceValues...

replaceValues...

replaceValues...
    variable: target
    variable: target
    variable: configuration
    variable: buildPath

replaceValues...

replaceValues...

replaceValues...

replaceValues...

replaceValues...
    variable: sourceBase
    variable: sourceBase
    variable: includes

replaceValues...
    variable: sourceBase
    variable: sourceBase
    variable: includes

replaceValues...

replaceValues...

replaceValues...
    variable: sourceFullPath
    variable: sourceExtension
    variable: sourceBase

replaceValues...
    variable: sourceBase

replaceValues...
    variable: sourceBase
    variable: objectsFullPath
    variable: dependencyExtension

replaceValues...
    variable: sourceBase

replaceValues...

replaceValues...

replaceValues...
    variable: compiler

replaceValues...

replaceValues...

buildPath: (target)
compiler: (/usr/bin/g++)
compilerOptions: (-std=c++11 -Wall -g -D_DEBUG_ -c source/test/$sourceBase.cpp $includes -o target/test/debug/objects/$sourceBase.o)
configuration: (debug)
dependencies: (ARRAY(0x1c51308))
dependencyExtension: (.d)
dependencyFile: (target/test/debug/objects/$sourceBase.d)
depender: (/usr/bin/g++)
dependerOptions: (-std=c++11 -Wall -g -D_DEBUG_ -MM source/test/$sourceBase.cpp $includes > target/test/debug/objects/$sourceBase.d)
linkTo: (-Ltarget/test/debug -ltest)
linker: (/usr/bin/g++)
linkerOptions: ( -o target/test/debug/test target/test/debug/objects/*.o $libraries)
objectExtension: (.o)
objectFile: (target/test/debug/objects/$sourceBase.o)
objectsFullPath: (target/test/debug/objects)
objectsPath: (objects)
outputFile: (target/test/debug/test)
sourceExtension: (.cpp)
sourceFile: (source/test/$sourceBase.cpp)
sourceFullPath: (source/test)
sourcePath: (source)
target: (test)
toInclude: (-Isource/test)
touched: (1)
type: (application)
verbose: (1)

replaceValues...

replaceValues...

replaceValues...

replaceValues...

replaceValues...

replaceValues...

replaceValues...
    variable: libraries

replaceValues...

replaceValues...
    variable: sourceBase

replaceValues...

replaceValues...

replaceValues...

replaceValues...

replaceValues...

replaceValues...

replaceValues...

replaceValues...

replaceValues...

replaceValues...
    variable: sourceBase
    variable: sourceBase
    variable: includes

replaceValues...
    variable: sourceBase
    variable: sourceBase
    variable: includes

replaceValues...

replaceValues...

replaceValues...
    variable: sourceBase

replaceValues...
    variable: sourceBase

replaceValues...

replaceValues...

replaceValues...

replaceValues...

replaceValues...

replaceValues...

replaceValues...

replaceValues...

replaceValues...

replaceValues...

replaceValues...

replaceValues...

replaceValues...
    variable: libraries

replaceValues...

replaceValues...

replaceValues...
    variable: sourceBase

replaceValues...

replaceValues...

replaceValues...

replaceValues...

replaceValues...

replaceValues...

replaceValues...

replaceValues...

replaceValues...

replaceValues...

replaceValues...
    variable: sourceBase
    variable: sourceBase
    variable: includes

replaceValues...

replaceValues...

replaceValues...
    variable: sourceBase
    variable: sourceBase
    variable: includes

replaceValues...

replaceValues...

replaceValues...
    variable: sourceBase

replaceValues...

replaceValues...

replaceValues...
    variable: sourceBase

replaceValues...

replaceValues...

replaceValues...

replaceValues...

replaceValues...

replaceValues...

replaceValues...

replaceValues...

replaceValues...

replaceValues...

replaceValues...
    variable: libraries

replaceValues...

replaceValues...
    variable: sourceBase

replaceValues...

replaceValues...

replaceValues...

replaceValues...

replaceValues...

replaceValues...

replaceValues...

replaceValues...

replaceValues...

replaceValues...
    variable: sourceBase
    variable: sourceBase
    variable: includes

replaceValues...
    variable: sourceBase
    variable: sourceBase
    variable: includes

replaceValues...

replaceValues...

replaceValues...
    variable: sourceBase

replaceValues...
    variable: sourceBase

replaceValues...

replaceValues...

replaceValues...

replaceValues...

replaceValues...

replaceValues...

replaceValues...

replaceValues...

replaceValues...

replaceValues...

replaceValues...

replaceValues...

replaceValues...
    variable: libraries

replaceValues...

replaceValues...

replaceValues...
    variable: sourceBase

replaceValues...

replaceValues...

replaceValues...

replaceValues...

replaceValues...

replaceValues...

replaceValues...

replaceValues...

replaceValues...

replaceValues...

replaceValues...
    variable: sourceBase
    variable: sourceBase
    variable: includes

replaceValues...

replaceValues...

replaceValues...
    variable: sourceBase
    variable: sourceBase
    variable: includes

replaceValues...

replaceValues...

replaceValues...
    variable: sourceBase

replaceValues...

replaceValues...

replaceValues...
    variable: sourceBase

replaceValues...

replaceValues...

replaceValues...

replaceValues...

replaceValues...

replaceValues...

replaceValues...

replaceValues...

replaceValues...

replaceValues...

replaceValues...
    variable: libraries

replaceValues...

replaceValues...
    variable: sourceBase

replaceValues...

replaceValues...

replaceValues...

replaceValues...

replaceValues...

replaceValues...

replaceValues...

replaceValues...

replaceValues...

replaceValues...
    variable: sourceBase
    variable: sourceBase
    variable: includes

replaceValues...
    variable: sourceBase
    variable: sourceBase
    variable: includes

replaceValues...

replaceValues...

replaceValues...
    variable: sourceBase

replaceValues...
    variable: sourceBase

replaceValues...

replaceValues...

replaceValues...

replaceValues...

replaceValues...

replaceValues...

replaceValues...

replaceValues...

replaceValues...

replaceValues...

replaceValues...

replaceValues...

replaceValues...
    variable: libraries

replaceValues...

replaceValues...

replaceValues...
    variable: sourceBase

replaceValues...

replaceValues...

replaceValues...

replaceValues...

replaceValues...

replaceValues...

replaceValues...

replaceValues...

replaceValues...

replaceValues...

replaceValues...
    variable: sourceBase
    variable: sourceBase
    variable: includes

replaceValues...

replaceValues...

replaceValues...
    variable: sourceBase
    variable: sourceBase
    variable: includes

replaceValues...

replaceValues...

replaceValues...
    variable: sourceBase

replaceValues...

replaceValues...

replaceValues...
    variable: sourceBase

replaceValues...

replaceValues...

replaceValues...

replaceValues...

replaceValues...

replaceValues...

replaceValues...

replaceValues...

replaceValues...

replaceValues...

replaceValues...
    variable: libraries

replaceValues...

replaceValues...
    variable: sourceBase

replaceValues...

replaceValues...

replaceValues...

replaceValues...

replaceValues...

replaceValues...

replaceValues...

replaceValues...

replaceValues...

replaceValues...
    variable: sourceBase
    variable: sourceBase
    variable: includes

replaceValues...
    variable: sourceBase
    variable: sourceBase
    variable: includes

replaceValues...

replaceValues...

replaceValues...
    variable: sourceBase

replaceValues...
    variable: sourceBase

replaceValues...

replaceValues...

replaceValues...

replaceValues...

replaceValues...

replaceValues...

replaceValues...

replaceValues...

replaceValues...

replaceValues...

replaceValues...

replaceValues...

replaceValues...
    variable: libraries

replaceValues...

replaceValues...

replaceValues...
    variable: sourceBase

replaceValues...

replaceValues...

replaceValues...

replaceValues...

replaceValues...

replaceValues...

replaceValues...

replaceValues...

replaceValues...

replaceValues...

replaceValues...
    variable: sourceBase
    variable: sourceBase
    variable: includes

replaceValues...

replaceValues...

replaceValues...
    variable: sourceBase
    variable: sourceBase
    variable: includes

replaceValues...

replaceValues...

replaceValues...
    variable: sourceBase

replaceValues...

replaceValues...

replaceValues...
    variable: sourceBase

replaceValues...

replaceValues...

replaceValues...

replaceValues...

replaceValues...

replaceValues...

replaceValues...

replaceValues...

replaceValues...

replaceValues...

replaceValues...
    variable: libraries

replaceValues...

replaceValues...
    variable: sourceBase

replaceValues...

replaceValues...

replaceValues...

replaceValues...

replaceValues...

replaceValues...

replaceValues...

replaceValues...

replaceValues...

replaceValues...
    variable: sourceBase
    variable: sourceBase
    variable: includes

replaceValues...
    variable: sourceBase
    variable: sourceBase
    variable: includes

replaceValues...

replaceValues...

replaceValues...
    variable: sourceBase

replaceValues...
    variable: sourceBase

replaceValues...

replaceValues...

replaceValues...

replaceValues...

replaceValues...

replaceValues...

replaceValues...

replaceValues...

replaceValues...

replaceValues...

replaceValues...

replaceValues...

replaceValues...
    variable: libraries

replaceValues...

replaceValues...

replaceValues...
    variable: sourceBase

replaceValues...

replaceValues...

replaceValues...

replaceValues...

replaceValues...

replaceValues...

replaceValues...

replaceValues...

replaceValues...

replaceValues...

replaceValues...
    variable: sourceBase
    variable: sourceBase
    variable: includes

replaceValues...

replaceValues...

replaceValues...
    variable: sourceBase
    variable: sourceBase
    variable: includes

replaceValues...

replaceValues...

replaceValues...
    variable: sourceBase

replaceValues...

replaceValues...

replaceValues...
    variable: sourceBase

replaceValues...

replaceValues...

replaceValues...

replaceValues...

replaceValues...

replaceValues...

replaceValues...

replaceValues...

replaceValues...

replaceValues...

replaceValues...
    variable: libraries

replaceValues...

replaceValues...
    variable: sourceBase

replaceValues...

replaceValues...

replaceValues...

replaceValues...

replaceValues...

replaceValues...

replaceValues...

replaceValues...

replaceValues...

replaceValues...
    variable: sourceBase
    variable: sourceBase
    variable: includes

replaceValues...
    variable: sourceBase
    variable: sourceBase
    variable: includes

replaceValues...

replaceValues...

replaceValues...
    variable: sourceBase

replaceValues...
    variable: sourceBase

replaceValues...

replaceValues...

replaceValues...

replaceValues...

replaceValues...

replaceValues...

replaceValues...

replaceValues...

replaceValues...

replaceValues...

replaceValues...

replaceValues...

replaceValues...
    variable: libraries

replaceValues...

replaceValues...

replaceValues...
    variable: sourceBase

replaceValues...

replaceValues...

replaceValues...

replaceValues...

replaceValues...

replaceValues...

replaceValues...

replaceValues...

replaceValues...

replaceValues...

replaceValues...
    variable: sourceBase
    variable: sourceBase
    variable: includes

replaceValues...

replaceValues...

replaceValues...
    variable: sourceBase
    variable: sourceBase
    variable: includes

replaceValues...

replaceValues...

replaceValues...
    variable: sourceBase

replaceValues...

replaceValues...

replaceValues...
    variable: sourceBase

replaceValues...

replaceValues...

replaceValues...

replaceValues...

replaceValues...

replaceValues...

replaceValues...

replaceValues...

replaceValues...

replaceValues...

replaceValues...
    variable: libraries

replaceValues...

replaceValues...
    variable: sourceBase

replaceValues...

replaceValues...

replaceValues...

replaceValues...

replaceValues...

replaceValues...

replaceValues...

replaceValues...

replaceValues...

replaceValues...
    variable: sourceBase
    variable: sourceBase
    variable: includes

replaceValues...
    variable: sourceBase
    variable: sourceBase
    variable: includes

replaceValues...

replaceValues...

replaceValues...
    variable: sourceBase

replaceValues...
    variable: sourceBase

replaceValues...

replaceValues...

replaceValues...

replaceValues...

replaceValues...

replaceValues...

replaceValues...

replaceValues...

replaceValues...

replaceValues...

replaceValues...

replaceValues...

replaceValues...
    variable: libraries

replaceValues...

replaceValues...

replaceValues...
    variable: sourceBase

replaceValues...

replaceValues...

replaceValues...

replaceValues...

replaceValues...

replaceValues...

replaceValues...

replaceValues...

replaceValues...

replaceValues...

replaceValues...
    variable: sourceBase
    variable: sourceBase
    variable: includes

replaceValues...

replaceValues...

replaceValues...
    variable: sourceBase
    variable: sourceBase
    variable: includes

replaceValues...

replaceValues...

replaceValues...
    variable: sourceBase

replaceValues...

replaceValues...

replaceValues...
    variable: sourceBase

replaceValues...

replaceValues...

replaceValues...

replaceValues...

replaceValues...

replaceValues...

replaceValues...

replaceValues...

replaceValues...

replaceValues...

replaceValues...
    variable: libraries

replaceValues...

replaceValues...
    variable: sourceBase

replaceValues...

replaceValues...

replaceValues...

replaceValues...

replaceValues...

replaceValues...

replaceValues...

replaceValues...

replaceValues...

replaceValues...
    variable: sourceBase
    variable: sourceBase
    variable: includes

replaceValues...
    variable: sourceBase
    variable: sourceBase
    variable: includes

replaceValues...

replaceValues...

replaceValues...
    variable: sourceBase

replaceValues...
    variable: sourceBase

replaceValues...

replaceValues...

replaceValues...

replaceValues...

replaceValues...

replaceValues...

replaceValues...

replaceValues...

replaceValues...

replaceValues...

replaceValues...

replaceValues...

replaceValues...
    variable: libraries

replaceValues...

replaceValues...

replaceValues...
    variable: sourceBase

replaceValues...

replaceValues...

replaceValues...

replaceValues...

replaceValues...

replaceValues...

replaceValues...

replaceValues...

replaceValues...

replaceValues...

replaceValues...
    variable: sourceBase
    variable: sourceBase
    variable: includes

replaceValues...

replaceValues...

replaceValues...
    variable: sourceBase
    variable: sourceBase
    variable: includes

replaceValues...

replaceValues...

replaceValues...
    variable: sourceBase

replaceValues...

replaceValues...

replaceValues...
    variable: sourceBase

replaceValues...

replaceValues...

replaceValues...

replaceValues...

replaceValues...

replaceValues...

replaceValues...

replaceValues...

replaceValues...

replaceValues...

replaceValues...
    variable: libraries

replaceValues...

replaceValues...
    variable: sourceBase

replaceValues...

replaceValues...

replaceValues...

replaceValues...

replaceValues...

replaceValues...

replaceValues...

replaceValues...

replaceValues...

replaceValues...
    variable: sourceBase
    variable: sourceBase
    variable: includes

replaceValues...
    variable: sourceBase
    variable: sourceBase
    variable: includes

replaceValues...

replaceValues...

replaceValues...
    variable: sourceBase

replaceValues...
    variable: sourceBase

replaceValues...

replaceValues...

replaceValues...

replaceValues...

replaceValues...

replaceValues...

replaceValues...

replaceValues...

replaceValues...

replaceValues...

replaceValues...

replaceValues...

replaceValues...
    variable: libraries

replaceValues...

replaceValues...

replaceValues...
    variable: sourceBase

replaceValues...

replaceValues...

replaceValues...

replaceValues...

replaceValues...

replaceValues...

replaceValues...

replaceValues...

replaceValues...

replaceValues...

replaceValues...
    variable: sourceBase
    variable: sourceBase
    variable: includes

replaceValues...

replaceValues...

replaceValues...
    variable: sourceBase
    variable: sourceBase
    variable: includes

replaceValues...

replaceValues...

replaceValues...
    variable: sourceBase

replaceValues...

replaceValues...

replaceValues...
    variable: sourceBase

replaceValues...

replaceValues...

replaceValues...

replaceValues...

LINK Needed
